# JRE version: OpenJDK Runtime Environment (8.0_222-b10) (build 1.8.0_222-8u222-b10-1ubuntu1~18.04.1-b10)
# Java VM: OpenJDK 64-Bit Server VM (25.222-b10 mixed mode linux-amd64 compressed oops)
Heap:
 PSYoungGen      total 369664K, used 0K [0x00000000d5580000, 0x00000000f0480000, 0x0000000100000000)
  eden space 326144K, 0% used [0x00000000d5580000,0x00000000d5580000,0x00000000e9400000)
  from space 43520K, 0% used [0x00000000ebe80000,0x00000000ebe80000,0x00000000ee900000)
  to   space 43520K, 0% used [0x00000000e9400000,0x00000000e9400000,0x00000000ebe80000)
 ParOldGen       total 797696K, used 17225K [0x0000000080000000, 0x00000000b0b00000, 0x00000000d5580000)
  object space 797696K, 2% used [0x0000000080000000,0x00000000810d2588,0x00000000b0b00000)
 Metaspace       used 58631K, capacity 58854K, committed 59096K, reserved 1101824K
  class space    used 7572K, capacity 7663K, committed 7680K, reserved 1048576K
GC Heap History (10 events):
Event: 1.712 GC heap after
Heap after GC invocations=2 (full 1):
 PSYoungGen      total 305664K, used 0K [0x00000000d5580000, 0x00000000eaa80000, 0x0000000100000000)
  eden space 262144K, 0% used [0x00000000d5580000,0x00000000d5580000,0x00000000e5580000)
  from space 43520K, 0% used [0x00000000e5580000,0x00000000e5580000,0x00000000e8000000)
  to   space 43520K, 0% used [0x00000000e8000000,0x00000000e8000000,0x00000000eaa80000)
 ParOldGen       total 699392K, used 18834K [0x0000000080000000, 0x00000000aab00000, 0x00000000d5580000)
  object space 699392K, 2% used [0x0000000080000000,0x0000000081264bc0,0x00000000aab00000)
 Metaspace       used 20857K, capacity 21018K, committed 21296K, reserved 1067008K
  class space    used 3095K, capacity 3177K, committed 3200K, reserved 1048576K
}
Event: 2.344 GC heap before
{Heap before GC invocations=3 (full 1):
 PSYoungGen      total 305664K, used 51954K [0x00000000d5580000, 0x00000000eaa80000, 0x0000000100000000)
  eden space 262144K, 19% used [0x00000000d5580000,0x00000000d883ca68,0x00000000e5580000)
  from space 43520K, 0% used [0x00000000e5580000,0x00000000e5580000,0x00000000e8000000)
  to   space 43520K, 0% used [0x00000000e8000000,0x00000000e8000000,0x00000000eaa80000)
 ParOldGen       total 699392K, used 18834K [0x0000000080000000, 0x00000000aab00000, 0x00000000d5580000)
  object space 699392K, 2% used [0x0000000080000000,0x0000000081264bc0,0x00000000aab00000)
 Metaspace       used 35067K, capacity 35226K, committed 35456K, reserved 1079296K
  class space    used 4560K, capacity 4649K, committed 4736K, reserved 1048576K
Event: 2.348 GC heap after
Heap after GC invocations=3 (full 1):
 PSYoungGen      total 305664K, used 872K [0x00000000d5580000, 0x00000000eee80000, 0x0000000100000000)
  eden space 262144K, 0% used [0x00000000d5580000,0x00000000d5580000,0x00000000e5580000)
  from space 43520K, 2% used [0x00000000e8000000,0x00000000e80da078,0x00000000eaa80000)
  to   space 43520K, 0% used [0x00000000e5580000,0x00000000e5580000,0x00000000e8000000)
 ParOldGen       total 699392K, used 18842K [0x0000000080000000, 0x00000000aab00000, 0x00000000d5580000)
  object space 699392K, 2% used [0x0000000080000000,0x0000000081266bc0,0x00000000aab00000)
 Metaspace       used 35067K, capacity 35226K, committed 35456K, reserved 1079296K
  class space    used 4560K, capacity 4649K, committed 4736K, reserved 1048576K
}
Event: 2.348 GC heap before
{Heap before GC invocations=4 (full 2):
 PSYoungGen      total 305664K, used 872K [0x00000000d5580000, 0x00000000eee80000, 0x0000000100000000)
  eden space 262144K, 0% used [0x00000000d5580000,0x00000000d5580000,0x00000000e5580000)
  from space 43520K, 2% used [0x00000000e8000000,0x00000000e80da078,0x00000000eaa80000)
  to   space 43520K, 0% used [0x00000000e5580000,0x00000000e5580000,0x00000000e8000000)
 ParOldGen       total 699392K, used 18842K [0x0000000080000000, 0x00000000aab00000, 0x00000000d5580000)
  object space 699392K, 2% used [0x0000000080000000,0x0000000081266bc0,0x00000000aab00000)
 Metaspace       used 35067K, capacity 35226K, committed 35456K, reserved 1079296K
  class space    used 4560K, capacity 4649K, committed 4736K, reserved 1048576K
Event: 2.363 GC heap after
Heap after GC invocations=4 (full 2):
 PSYoungGen      total 305664K, used 0K [0x00000000d5580000, 0x00000000eee80000, 0x0000000100000000)
  eden space 262144K, 0% used [0x00000000d5580000,0x00000000d5580000,0x00000000e5580000)
  from space 43520K, 0% used [0x00000000e8000000,0x00000000e8000000,0x00000000eaa80000)
  to   space 43520K, 0% used [0x00000000e5580000,0x00000000e5580000,0x00000000e8000000)
 ParOldGen       total 797696K, used 7676K [0x0000000080000000, 0x00000000b0b00000, 0x00000000d5580000)
  object space 797696K, 0% used [0x0000000080000000,0x000000008077f320,0x00000000b0b00000)
 Metaspace       used 35067K, capacity 35226K, committed 35456K, reserved 1079296K
  class space    used 4560K, capacity 4649K, committed 4736K, reserved 1048576K
}
Event: 4.149 GC heap before
{Heap before GC invocations=5 (full 2):
 PSYoungGen      total 305664K, used 262144K [0x00000000d5580000, 0x00000000eee80000, 0x0000000100000000)
  eden space 262144K, 100% used [0x00000000d5580000,0x00000000e5580000,0x00000000e5580000)
  from space 43520K, 0% used [0x00000000e8000000,0x00000000e8000000,0x00000000eaa80000)
  to   space 43520K, 0% used [0x00000000e5580000,0x00000000e5580000,0x00000000e8000000)
 ParOldGen       total 797696K, used 7676K [0x0000000080000000, 0x00000000b0b00000, 0x00000000d5580000)
  object space 797696K, 0% used [0x0000000080000000,0x000000008077f320,0x00000000b0b00000)
 Metaspace       used 55012K, capacity 55270K, committed 55552K, reserved 1097728K
  class space    used 7009K, capacity 7087K, committed 7168K, reserved 1048576K
Event: 4.162 GC heap after
Heap after GC invocations=5 (full 2):
 PSYoungGen      total 305664K, used 17160K [0x00000000d5580000, 0x00000000ee900000, 0x0000000100000000)
  eden space 262144K, 0% used [0x00000000d5580000,0x00000000d5580000,0x00000000e5580000)
  from space 43520K, 39% used [0x00000000e5580000,0x00000000e6642118,0x00000000e8000000)
  to   space 43520K, 0% used [0x00000000ebe80000,0x00000000ebe80000,0x00000000ee900000)
 ParOldGen       total 797696K, used 7684K [0x0000000080000000, 0x00000000b0b00000, 0x00000000d5580000)
  object space 797696K, 0% used [0x0000000080000000,0x0000000080781320,0x00000000b0b00000)
 Metaspace       used 55012K, capacity 55270K, committed 55552K, reserved 1097728K
  class space    used 7009K, capacity 7087K, committed 7168K, reserved 1048576K
}
Event: 4.535 GC heap before
{Heap before GC invocations=6 (full 2):
 PSYoungGen      total 305664K, used 64245K [0x00000000d5580000, 0x00000000ee900000, 0x0000000100000000)
  eden space 262144K, 17% used [0x00000000d5580000,0x00000000d837b5f0,0x00000000e5580000)
  from space 43520K, 39% used [0x00000000e5580000,0x00000000e6642118,0x00000000e8000000)
  to   space 43520K, 0% used [0x00000000ebe80000,0x00000000ebe80000,0x00000000ee900000)
 ParOldGen       total 797696K, used 7684K [0x0000000080000000, 0x00000000b0b00000, 0x00000000d5580000)
  object space 797696K, 0% used [0x0000000080000000,0x0000000080781320,0x00000000b0b00000)
 Metaspace       used 58631K, capacity 58854K, committed 59096K, reserved 1101824K
  class space    used 7572K, capacity 7663K, committed 7680K, reserved 1048576K
Event: 4.544 GC heap after
Heap after GC invocations=6 (full 2):
 PSYoungGen      total 369664K, used 10577K [0x00000000d5580000, 0x00000000f0480000, 0x0000000100000000)
  eden space 326144K, 0% used [0x00000000d5580000,0x00000000d5580000,0x00000000e9400000)
  from space 43520K, 24% used [0x00000000ebe80000,0x00000000ec8d4548,0x00000000ee900000)
  to   space 43520K, 0% used [0x00000000e9400000,0x00000000e9400000,0x00000000ebe80000)
 ParOldGen       total 797696K, used 7756K [0x0000000080000000, 0x00000000b0b00000, 0x00000000d5580000)
  object space 797696K, 0% used [0x0000000080000000,0x0000000080793330,0x00000000b0b00000)
 Metaspace       used 58631K, capacity 58854K, committed 59096K, reserved 1101824K
  class space    used 7572K, capacity 7663K, committed 7680K, reserved 1048576K
}
Event: 4.544 GC heap before
{Heap before GC invocations=7 (full 3):
 PSYoungGen      total 369664K, used 10577K [0x00000000d5580000, 0x00000000f0480000, 0x0000000100000000)
  eden space 326144K, 0% used [0x00000000d5580000,0x00000000d5580000,0x00000000e9400000)
  from space 43520K, 24% used [0x00000000ebe80000,0x00000000ec8d4548,0x00000000ee900000)
  to   space 43520K, 0% used [0x00000000e9400000,0x00000000e9400000,0x00000000ebe80000)
 ParOldGen       total 797696K, used 7756K [0x0000000080000000, 0x00000000b0b00000, 0x00000000d5580000)
  object space 797696K, 0% used [0x0000000080000000,0x0000000080793330,0x00000000b0b00000)
 Metaspace       used 58631K, capacity 58854K, committed 59096K, reserved 1101824K
  class space    used 7572K, capacity 7663K, committed 7680K, reserved 1048576K

